{"C:\\Users\\user\\Documents\\PersonalRepos\\stryker-phun\\scripts\\MyScript.js": {"path":"C:\\Users\\user\\Documents\\PersonalRepos\\stryker-phun\\scripts\\MyScript.js","statementMap":{"0":{"start":{"line":3,"column":4},"end":{"line":5,"column":5}},"1":{"start":{"line":4,"column":6},"end":{"line":4,"column":74}},"2":{"start":{"line":8,"column":17},"end":{"line":8,"column":18}},"3":{"start":{"line":9,"column":4},"end":{"line":11,"column":5}},"4":{"start":{"line":9,"column":17},"end":{"line":9,"column":18}},"5":{"start":{"line":10,"column":6},"end":{"line":10,"column":18}},"6":{"start":{"line":13,"column":4},"end":{"line":13,"column":18}},"7":{"start":{"line":16,"column":2},"end":{"line":18,"column":4}}},"fnMap":{"0":{"name":"factorial","decl":{"start":{"line":2,"column":9},"end":{"line":2,"column":18}},"loc":{"start":{"line":2,"column":22},"end":{"line":14,"column":3}},"line":2}},"branchMap":{"0":{"loc":{"start":{"line":3,"column":4},"end":{"line":5,"column":5}},"type":"if","locations":[{"start":{"line":3,"column":4},"end":{"line":5,"column":5}},{"start":{},"end":{}}],"line":3},"1":{"loc":{"start":{"line":3,"column":37},"end":{"line":3,"column":66}},"type":"binary-expr","locations":[{"start":{"line":3,"column":37},"end":{"line":3,"column":57}},{"start":{"line":3,"column":61},"end":{"line":3,"column":66}}],"line":3}},"s":{"0":7,"1":4,"2":3,"3":3,"4":3,"5":2,"6":3,"7":1},"f":{"0":7},"b":{"0":[4,3],"1":[7,4]},"_coverageSchema":"1a1c01bbd47fc00a2c39e90264f33305004495a9","hash":"2bfd7566cf7ede77b2b260ba8401e6b3364bd34a"}
}
